# JRE version: Java(TM) SE Runtime Environment (17.0+35) (build 17+35-LTS-2724)
# Java VM: Java HotSpot(TM) 64-Bit Server VM (17+35-LTS-2724, mixed mode, sharing, tiered, compressed oops, compressed class ptrs, g1 gc, windows-amd64)
GC Precious Log:
 CPUs: 4 total, 4 available
 Memory: 3977M
 Large Page Support: Disabled
 NUMA Support: Disabled
 Compressed Oops: Enabled (32-bit)
 Heap Region Size: 1M
 Heap Min Capacity: 8M
 Heap Initial Capacity: 64M
 Heap Max Capacity: 996M
 Pre-touch: Disabled
 Parallel Workers: 4
 Concurrent Workers: 1
 Concurrent Refinement Workers: 4
 Periodic GC: Disabled
Heap:
 garbage-first heap   total 65536K, used 34816K [0x00000000c1c00000, 0x0000000100000000)
  region size 1024K, 14 young (14336K), 1 survivors (1024K)
 Metaspace       used 21681K, committed 21888K, reserved 1073152K
  class space    used 2789K, committed 2880K, reserved 1048576K
GC Heap History (8 events):
Event: 2.551 GC heap before
{Heap before GC invocations=0 (full 0):
 garbage-first heap   total 65536K, used 16384K [0x00000000c1c00000, 0x0000000100000000)
  region size 1024K, 13 young (13312K), 0 survivors (0K)
 Metaspace       used 3825K, committed 3968K, reserved 1056768K
  class space    used 312K, committed 384K, reserved 1048576K
}
Event: 2.560 GC heap after
{Heap after GC invocations=1 (full 0):
 garbage-first heap   total 65536K, used 5120K [0x00000000c1c00000, 0x0000000100000000)
  region size 1024K, 2 young (2048K), 2 survivors (2048K)
 Metaspace       used 3825K, committed 3968K, reserved 1056768K
  class space    used 312K, committed 384K, reserved 1048576K
}
Event: 4.130 GC heap before
{Heap before GC invocations=1 (full 0):
 garbage-first heap   total 65536K, used 20480K [0x00000000c1c00000, 0x0000000100000000)
  region size 1024K, 18 young (18432K), 2 survivors (2048K)
 Metaspace       used 7481K, committed 7616K, reserved 1064960K
  class space    used 772K, committed 832K, reserved 1048576K
}
Event: 4.140 GC heap after
{Heap after GC invocations=2 (full 0):
 garbage-first heap   total 65536K, used 6829K [0x00000000c1c00000, 0x0000000100000000)
  region size 1024K, 2 young (2048K), 2 survivors (2048K)
 Metaspace       used 7481K, committed 7616K, reserved 1064960K
  class space    used 772K, committed 832K, reserved 1048576K
}
Event: 7.957 GC heap before
{Heap before GC invocations=2 (full 0):
 garbage-first heap   total 65536K, used 46765K [0x00000000c1c00000, 0x0000000100000000)
  region size 1024K, 38 young (38912K), 2 survivors (2048K)
 Metaspace       used 16517K, committed 16704K, reserved 1064960K
  class space    used 1851K, committed 1920K, reserved 1048576K
}
Event: 8.007 GC heap after
{Heap after GC invocations=3 (full 0):
 garbage-first heap   total 65536K, used 18211K [0x00000000c1c00000, 0x0000000100000000)
  region size 1024K, 5 young (5120K), 5 survivors (5120K)
 Metaspace       used 16517K, committed 16704K, reserved 1064960K
  class space    used 1851K, committed 1920K, reserved 1048576K
}
Event: 9.473 GC heap before
{Heap before GC invocations=3 (full 0):
 garbage-first heap   total 65536K, used 39715K [0x00000000c1c00000, 0x0000000100000000)
  region size 1024K, 24 young (24576K), 5 survivors (5120K)
 Metaspace       used 21359K, committed 21504K, reserved 1073152K
  class space    used 2743K, committed 2816K, reserved 1048576K
}
Event: 9.492 GC heap after
{Heap after GC invocations=4 (full 0):
 garbage-first heap   total 65536K, used 22528K [0x00000000c1c00000, 0x0000000100000000)
  region size 1024K, 1 young (1024K), 1 survivors (1024K)
 Metaspace       used 21359K, committed 21504K, reserved 1073152K
  class space    used 2743K, committed 2816K, reserved 1048576K
}

