# JRE version: Java(TM) SE Runtime Environment (17.0+35) (build 17+35-LTS-2724)
# Java VM: Java HotSpot(TM) 64-Bit Server VM (17+35-LTS-2724, mixed mode, sharing, tiered, compressed oops, compressed class ptrs, g1 gc, windows-amd64)
GC Precious Log:
 CPUs: 4 total, 4 available
 Memory: 3977M
 Large Page Support: Disabled
 NUMA Support: Disabled
 Compressed Oops: Enabled (32-bit)
 Heap Region Size: 1M
 Heap Min Capacity: 8M
 Heap Initial Capacity: 64M
 Heap Max Capacity: 996M
 Pre-touch: Disabled
 Parallel Workers: 4
 Concurrent Workers: 1
 Concurrent Refinement Workers: 4
 Periodic GC: Disabled
Heap:
 garbage-first heap   total 131072K, used 48057K [0x00000000c1c00000, 0x0000000100000000)
  region size 1024K, 16 young (16384K), 6 survivors (6144K)
 Metaspace       used 44458K, committed 44736K, reserved 1089536K
  class space    used 5515K, committed 5632K, reserved 1048576K
GC Heap History (20 events):
Event: 7.244 GC heap before
{Heap before GC invocations=2 (full 0):
 garbage-first heap   total 65536K, used 49952K [0x00000000c1c00000, 0x0000000100000000)
  region size 1024K, 38 young (38912K), 2 survivors (2048K)
 Metaspace       used 16523K, committed 16640K, reserved 1064960K
  class space    used 1859K, committed 1920K, reserved 1048576K
}
Event: 7.282 GC heap after
{Heap after GC invocations=3 (full 0):
 garbage-first heap   total 65536K, used 17408K [0x00000000c1c00000, 0x0000000100000000)
  region size 1024K, 5 young (5120K), 5 survivors (5120K)
 Metaspace       used 16523K, committed 16640K, reserved 1064960K
  class space    used 1859K, committed 1920K, reserved 1048576K
}
Event: 9.481 GC heap before
{Heap before GC invocations=3 (full 0):
 garbage-first heap   total 65536K, used 35840K [0x00000000c1c00000, 0x0000000100000000)
  region size 1024K, 24 young (24576K), 5 survivors (5120K)
 Metaspace       used 21343K, committed 21504K, reserved 1073152K
  class space    used 2750K, committed 2816K, reserved 1048576K
}
Event: 9.532 GC heap after
{Heap after GC invocations=4 (full 0):
 garbage-first heap   total 65536K, used 22323K [0x00000000c1c00000, 0x0000000100000000)
  region size 1024K, 5 young (5120K), 5 survivors (5120K)
 Metaspace       used 21343K, committed 21504K, reserved 1073152K
  class space    used 2750K, committed 2816K, reserved 1048576K
}
Event: 11.964 GC heap before
{Heap before GC invocations=5 (full 0):
 garbage-first heap   total 65536K, used 47923K [0x00000000c1c00000, 0x0000000100000000)
  region size 1024K, 25 young (25600K), 5 survivors (5120K)
 Metaspace       used 23245K, committed 23424K, reserved 1073152K
  class space    used 3005K, committed 3072K, reserved 1048576K
}
Event: 11.988 GC heap after
{Heap after GC invocations=6 (full 0):
 garbage-first heap   total 65536K, used 28422K [0x00000000c1c00000, 0x0000000100000000)
  region size 1024K, 4 young (4096K), 4 survivors (4096K)
 Metaspace       used 23245K, committed 23424K, reserved 1073152K
  class space    used 3005K, committed 3072K, reserved 1048576K
}
Event: 12.023 GC heap before
{Heap before GC invocations=6 (full 0):
 garbage-first heap   total 65536K, used 29446K [0x00000000c1c00000, 0x0000000100000000)
  region size 1024K, 5 young (5120K), 4 survivors (4096K)
 Metaspace       used 23520K, committed 23744K, reserved 1073152K
  class space    used 3039K, committed 3136K, reserved 1048576K
}
Event: 12.042 GC heap after
{Heap after GC invocations=7 (full 0):
 garbage-first heap   total 65536K, used 29357K [0x00000000c1c00000, 0x0000000100000000)
  region size 1024K, 1 young (1024K), 1 survivors (1024K)
 Metaspace       used 23520K, committed 23744K, reserved 1073152K
  class space    used 3039K, committed 3136K, reserved 1048576K
}
Event: 12.742 GC heap before
{Heap before GC invocations=7 (full 0):
 garbage-first heap   total 65536K, used 46765K [0x00000000c1c00000, 0x0000000100000000)
  region size 1024K, 18 young (18432K), 1 survivors (1024K)
 Metaspace       used 27144K, committed 27328K, reserved 1073152K
  class space    used 3433K, committed 3520K, reserved 1048576K
}
Event: 12.750 GC heap after
{Heap after GC invocations=8 (full 0):
 garbage-first heap   total 65536K, used 30579K [0x00000000c1c00000, 0x0000000100000000)
  region size 1024K, 2 young (2048K), 2 survivors (2048K)
 Metaspace       used 27144K, committed 27328K, reserved 1073152K
  class space    used 3433K, committed 3520K, reserved 1048576K
}
Event: 13.498 GC heap before
{Heap before GC invocations=8 (full 0):
 garbage-first heap   total 65536K, used 47987K [0x00000000c1c00000, 0x0000000100000000)
  region size 1024K, 19 young (19456K), 2 survivors (2048K)
 Metaspace       used 30743K, committed 30912K, reserved 1081344K
  class space    used 3903K, committed 3968K, reserved 1048576K
}
Event: 13.512 GC heap after
{Heap after GC invocations=9 (full 0):
 garbage-first heap   total 65536K, used 32707K [0x00000000c1c00000, 0x0000000100000000)
  region size 1024K, 3 young (3072K), 3 survivors (3072K)
 Metaspace       used 30743K, committed 30912K, reserved 1081344K
  class space    used 3903K, committed 3968K, reserved 1048576K
}
Event: 14.465 GC heap before
{Heap before GC invocations=9 (full 0):
 garbage-first heap   total 65536K, used 48067K [0x00000000c1c00000, 0x0000000100000000)
  region size 1024K, 19 young (19456K), 3 survivors (3072K)
 Metaspace       used 34768K, committed 35008K, reserved 1081344K
  class space    used 4390K, committed 4480K, reserved 1048576K
}
Event: 14.476 GC heap after
{Heap after GC invocations=10 (full 0):
 garbage-first heap   total 65536K, used 33982K [0x00000000c1c00000, 0x0000000100000000)
  region size 1024K, 2 young (2048K), 2 survivors (2048K)
 Metaspace       used 34768K, committed 35008K, reserved 1081344K
  class space    used 4390K, committed 4480K, reserved 1048576K
}
Event: 15.352 GC heap before
{Heap before GC invocations=11 (full 0):
 garbage-first heap   total 65536K, used 46270K [0x00000000c1c00000, 0x0000000100000000)
  region size 1024K, 18 young (18432K), 2 survivors (2048K)
 Metaspace       used 37379K, committed 37696K, reserved 1089536K
  class space    used 4695K, committed 4864K, reserved 1048576K
}
Event: 15.363 GC heap after
{Heap after GC invocations=12 (full 0):
 garbage-first heap   total 65536K, used 33127K [0x00000000c1c00000, 0x0000000100000000)
  region size 1024K, 3 young (3072K), 3 survivors (3072K)
 Metaspace       used 37379K, committed 37696K, reserved 1089536K
  class space    used 4695K, committed 4864K, reserved 1048576K
}
Event: 15.450 GC heap before
{Heap before GC invocations=12 (full 0):
 garbage-first heap   total 65536K, used 35175K [0x00000000c1c00000, 0x0000000100000000)
  region size 1024K, 6 young (6144K), 3 survivors (3072K)
 Metaspace       used 37473K, committed 37760K, reserved 1089536K
  class space    used 4696K, committed 4864K, reserved 1048576K
}
Event: 15.463 GC heap after
{Heap after GC invocations=13 (full 0):
 garbage-first heap   total 131072K, used 33899K [0x00000000c1c00000, 0x0000000100000000)
  region size 1024K, 1 young (1024K), 1 survivors (1024K)
 Metaspace       used 37473K, committed 37760K, reserved 1089536K
  class space    used 4696K, committed 4864K, reserved 1048576K
}
Event: 16.754 GC heap before
{Heap before GC invocations=13 (full 0):
 garbage-first heap   total 131072K, used 88171K [0x00000000c1c00000, 0x0000000100000000)
  region size 1024K, 53 young (54272K), 1 survivors (1024K)
 Metaspace       used 42019K, committed 42304K, reserved 1089536K
  class space    used 5209K, committed 5376K, reserved 1048576K
}
Event: 16.769 GC heap after
{Heap after GC invocations=14 (full 0):
 garbage-first heap   total 131072K, used 38841K [0x00000000c1c00000, 0x0000000100000000)
  region size 1024K, 6 young (6144K), 6 survivors (6144K)
 Metaspace       used 42019K, committed 42304K, reserved 1089536K
  class space    used 5209K, committed 5376K, reserved 1048576K
}

